<?xml version="1.0" encoding="UTF-8"?>
<!-- Generated by org.testng.reporters.JUnitXMLReporter -->
<testsuite ignored="0" hostname="DESKTOP-MH4UTOO" failures="0" tests="4" name="Test1" time="64.588" errors="0" timestamp="2023-07-03T22:37:10 IST">
  <testcase classname="com.OrangeRunner.OrangeRunner" name="launchBrowser" time="14.86"/>
  <testcase classname="com.OrangeRunner.OrangeRunner" name="loginOrange" time="5.441"/>
  <testcase classname="com.OrangeRunner.OrangeRunner" name="addEmpDetail" time="12.473"/>
  <testcase classname="com.OrangeRunner.OrangeRunner" name="searchEmp" time="31.572"/>
</testsuite> <!-- Test1 -->
