<?xml version="1.0" encoding="UTF-8"?>
<!-- Generated by org.testng.reporters.JUnitXMLReporter -->
<testsuite ignored="1" hostname="DESKTOP-MH4UTOO" failures="0" tests="1" name="LoginChrome" time="10.299" errors="0" timestamp="2023-06-30T14:25:21 IST">
  <testcase classname="com.OrangeRunner.Runner_OrangeClass" name="loginFb" time="10.085"/>
  <testcase classname="com.OrangeRunner.Runner_OrangeClass" name="browserLaunch" time="0.0">
    <ignored/>
  </testcase> <!-- browserLaunch -->
</testsuite> <!-- LoginChrome -->
